PLINK v1.90b7.2 64-bit (11 Dec 2023)
Options in effect:
  --bfile Qatari156_filtered_pruned_withPheno
  --out Qatari156_filtered_pruned_withPheno
  --recode

Hostname: Elhams-MacBook-Air.local
Working directory: /Users/elham/Documents/Dr-NOHA_workshop/Plink_files
Start time: Wed Jul 10 14:17:08 2024

Random number seed: 1720606628
8192 MB RAM detected; reserving 4096 MB for main workspace.
67735 variants loaded from .bim file.
156 people (49 males, 107 females) loaded from .fam.
66 phenotype values loaded from .fam.
Using 1 thread (no multithreaded calculations invoked).
Before main variant filters, 156 founders and 0 nonfounders present.
Calculating allele frequencies... done.
Warning: 1388 het. haploid genotypes present (see
Qatari156_filtered_pruned_withPheno.hh ); many commands treat these as missing.
Total genotyping rate is 0.998816.
67735 variants and 156 people pass filters and QC.
Among remaining phenotypes, 0 are cases and 66 are controls.  (90 phenotypes
are missing.)
--recode ped to Qatari156_filtered_pruned_withPheno.ped +
Qatari156_filtered_pruned_withPheno.map ... done.

End time: Wed Jul 10 14:17:08 2024
